%!Adobe-FontList 1.23
%Locale:0x409

%BeginFont
Handler:DirectoryHandler
FontType:Invalid
OutlineFileName:/Users/NGM/Library/CloudStorage/Dropbox/UO Server/STFX/Donor Report Project 2023/Donor Report Landing Page FOR MARC Folder/Document fonts/AdobeFnt23.lst
FileLength:3181
FileModTime:724257187
%EndFont

%BeginFont
Handler:DirectoryHandler
FontType:Type1
FontName:Gotham-Light
FamilyName:Gotham
StyleName:Light
MenuName:Gotham Light
StyleBits:0
WeightClass:300
WidthClass:5
AngleClass:0
FullName:Gotham Light
WritingScript:Roman
OutlineFileName:/Users/NGM/Library/CloudStorage/Dropbox/UO Server/STFX/Donor Report Project 2023/Donor Report Landing Page FOR MARC Folder/Document fonts/Gotham-Light.otf
DataFormat:sfntData
UsesStandardEncoding:yes
isCFF:yes
hasSVG:no
hasCOLR:no
VariableFontType:NonVariableFont
FileLength:99080
FileModTime:416957906
NameArray:0,Mac,4,Gotham Light
NameArray:0,Win,1,Gotham Light
NameArray:0,Win,16,Gotham
%EndFont

%BeginFont
Handler:DirectoryHandler
FontType:Type1
FontName:Gotham-Medium
FamilyName:Gotham
StyleName:Medium
MenuName:Gotham Medium
StyleBits:0
WeightClass:350
WidthClass:5
AngleClass:0
FullName:Gotham Medium
WritingScript:Roman
OutlineFileName:/Users/NGM/Library/CloudStorage/Dropbox/UO Server/STFX/Donor Report Project 2023/Donor Report Landing Page FOR MARC Folder/Document fonts/Gotham-Medium.otf
DataFormat:sfntData
UsesStandardEncoding:yes
isCFF:yes
hasSVG:no
hasCOLR:no
VariableFontType:NonVariableFont
FileLength:102900
FileModTime:416957906
NameArray:0,Mac,4,Gotham Medium
NameArray:0,Win,1,Gotham Medium
NameArray:0,Win,16,Gotham
%EndFont

%BeginFont
Handler:DirectoryHandler
FontType:TrueType
FontName:Montserrat-Regular
FamilyName:Montserrat
StyleName:Regular
MenuName:Montserrat
StyleBits:0
WeightClass:400
WidthClass:5
AngleClass:0
FullName:Montserrat Regular
WritingScript:Roman
OutlineFileName:/Users/NGM/Library/CloudStorage/Dropbox/UO Server/STFX/Donor Report Project 2023/Donor Report Landing Page FOR MARC Folder/Document fonts/Montserrat-Regular.ttf
DataFormat:sfntData
hasSVG:no
hasCOLR:no
VariableFontType:NonVariableFont
FileLength:245708
FileModTime:345441600
NameArray:0,Win,1,Montserrat
%EndFont

%BeginFont
Handler:DirectoryHandler
FontType:TrueType
FontName:Montserrat-SemiBold
FamilyName:Montserrat
StyleName:SemiBold
MenuName:Montserrat SemiBold
StyleBits:0
WeightClass:600
WidthClass:5
AngleClass:0
FullName:Montserrat SemiBold
WritingScript:Roman
OutlineFileName:/Users/NGM/Library/CloudStorage/Dropbox/UO Server/STFX/Donor Report Project 2023/Donor Report Landing Page FOR MARC Folder/Document fonts/Montserrat-SemiBold.ttf
DataFormat:sfntData
hasSVG:no
hasCOLR:no
VariableFontType:NonVariableFont
FileLength:243816
FileModTime:345441600
NameArray:0,Win,1,Montserrat SemiBold
NameArray:0,Win,16,Montserrat
%EndFont

%BeginFont
Handler:DirectoryHandler
FontType:TrueType
FontName:Montserrat-SemiBoldItalic
FamilyName:Montserrat
StyleName:SemiBold Italic
MenuName:Montserrat SemiBold
StyleBits:1
WeightClass:600
WidthClass:5
AngleClass:1
FullName:Montserrat SemiBold Italic
WritingScript:Roman
OutlineFileName:/Users/NGM/Library/CloudStorage/Dropbox/UO Server/STFX/Donor Report Project 2023/Donor Report Landing Page FOR MARC Folder/Document fonts/Montserrat-SemiBoldItalic.ttf
DataFormat:sfntData
hasSVG:no
hasCOLR:no
VariableFontType:NonVariableFont
FileLength:249192
FileModTime:345441600
NameArray:0,Win,1,Montserrat SemiBold
NameArray:0,Win,16,Montserrat
%EndFont

